Copyright 1986-2022 Xilinx, Inc. All Rights Reserved. Copyright 2022-2024 Advanced Micro Devices, Inc. All Rights Reserved.
---------------------------------------------------------------------------------------------------------------------------------------------
| Tool Version : Vivado v.2024.1 (lin64) Build 5076996 Wed May 22 18:36:09 MDT 2024
| Date         : Wed Dec  4 05:21:32 2024
| Host         : eecs-digital-02 running 64-bit Ubuntu 24.04.1 LTS
| Command      : report_timing_summary -file obj/post_route_timing_summary.rpt
| Design       : top_level
| Device       : 7s50-csga324
| Speed File   : -1  PRODUCTION 1.23 2018-06-13
| Design State : Routed
---------------------------------------------------------------------------------------------------------------------------------------------

Timing Summary Report

------------------------------------------------------------------------------------------------
| Timer Settings
| --------------
------------------------------------------------------------------------------------------------

  Enable Multi Corner Analysis               :  Yes
  Enable Pessimism Removal                   :  Yes
  Pessimism Removal Resolution               :  Nearest Common Node
  Enable Input Delay Default Clock           :  No
  Enable Preset / Clear Arcs                 :  No
  Disable Flight Delays                      :  No
  Ignore I/O Paths                           :  No
  Timing Early Launch at Borrowing Latches   :  No
  Borrow Time for Max Delay Exceptions       :  Yes
  Merge Timing Exceptions                    :  Yes
  Inter-SLR Compensation                     :  Conservative

  Corner  Analyze    Analyze    
  Name    Max Paths  Min Paths  
  ------  ---------  ---------  
  Slow    Yes        Yes        
  Fast    Yes        Yes        


------------------------------------------------------------------------------------------------
| Report Methodology
| ------------------
------------------------------------------------------------------------------------------------

No report available as report_methodology has not been run prior. Run report_methodology on the current design for the summary of methodology violations.



check_timing report

Table of Contents
-----------------
1. checking no_clock (0)
2. checking constant_clock (0)
3. checking pulse_width_clock (0)
4. checking unconstrained_internal_endpoints (0)
5. checking no_input_delay (20)
6. checking no_output_delay (3)
7. checking multiple_clock (0)
8. checking generated_clocks (0)
9. checking loops (0)
10. checking partial_input_delay (0)
11. checking partial_output_delay (0)
12. checking latch_loops (0)

1. checking no_clock (0)
------------------------
 There are 0 register/latch pins with no clock.


2. checking constant_clock (0)
------------------------------
 There are 0 register/latch pins with constant_clock.


3. checking pulse_width_clock (0)
---------------------------------
 There are 0 register/latch pins which need pulse_width check


4. checking unconstrained_internal_endpoints (0)
------------------------------------------------
 There are 0 pins that are not constrained for maximum delay.

 There are 0 pins that are not constrained for maximum delay due to constant clock.


5. checking no_input_delay (20)
-------------------------------
 There are 20 input ports with no input delay specified. (HIGH)

 There are 0 input ports with no input delay but user has a false path constraint.


6. checking no_output_delay (3)
-------------------------------
 There are 3 ports with no output delay specified. (HIGH)

 There are 0 ports with no output delay but user has a false path constraint

 There are 0 ports with no output delay but with a timing clock defined on it or propagating through it


7. checking multiple_clock (0)
------------------------------
 There are 0 register/latch pins with multiple clocks.


8. checking generated_clocks (0)
--------------------------------
 There are 0 generated clocks that are not connected to a clock source.


9. checking loops (0)
---------------------
 There are 0 combinational loops in the design.


10. checking partial_input_delay (0)
------------------------------------
 There are 0 input ports with partial input delay specified.


11. checking partial_output_delay (0)
-------------------------------------
 There are 0 ports with partial output delay specified.


12. checking latch_loops (0)
----------------------------
 There are 0 combinational latch loops in the design through latch input



------------------------------------------------------------------------------------------------
| Design Timing Summary
| ---------------------
------------------------------------------------------------------------------------------------

    WNS(ns)      TNS(ns)  TNS Failing Endpoints  TNS Total Endpoints      WHS(ns)      THS(ns)  THS Failing Endpoints  THS Total Endpoints     WPWS(ns)     TPWS(ns)  TPWS Failing Endpoints  TPWS Total Endpoints  
    -------      -------  ---------------------  -------------------      -------      -------  ---------------------  -------------------     --------     --------  ----------------------  --------------------  
      2.921        0.000                      0                  687        0.145        0.000                      0                  687        0.538        0.000                       0                   249  


All user specified timing constraints are met.


------------------------------------------------------------------------------------------------
| Clock Summary
| -------------
------------------------------------------------------------------------------------------------

Clock                  Waveform(ns)         Period(ns)      Frequency(MHz)
-----                  ------------         ----------      --------------
gclk                   {0.000 4.000}        10.000          100.000         
  clk_pixel_clk_wiz_0  {0.000 6.734}        13.468          74.250          
  clk_tmds_clk_wiz_0   {0.000 1.347}        2.694           371.250         
  clkfbout_clk_wiz_0   {0.000 25.000}       50.000          20.000          


------------------------------------------------------------------------------------------------
| Intra Clock Table
| -----------------
------------------------------------------------------------------------------------------------

Clock                      WNS(ns)      TNS(ns)  TNS Failing Endpoints  TNS Total Endpoints      WHS(ns)      THS(ns)  THS Failing Endpoints  THS Total Endpoints     WPWS(ns)     TPWS(ns)  TPWS Failing Endpoints  TPWS Total Endpoints  
-----                      -------      -------  ---------------------  -------------------      -------      -------  ---------------------  -------------------     --------     --------  ----------------------  --------------------  
gclk                                                                                                                                                                     2.000        0.000                       0                     1  
  clk_pixel_clk_wiz_0        2.921        0.000                      0                  687        0.145        0.000                      0                  687        6.234        0.000                       0                   237  
  clk_tmds_clk_wiz_0                                                                                                                                                     0.538        0.000                       0                     8  
  clkfbout_clk_wiz_0                                                                                                                                                    47.845        0.000                       0                     3  


------------------------------------------------------------------------------------------------
| Inter Clock Table
| -----------------
------------------------------------------------------------------------------------------------

From Clock    To Clock          WNS(ns)      TNS(ns)  TNS Failing Endpoints  TNS Total Endpoints      WHS(ns)      THS(ns)  THS Failing Endpoints  THS Total Endpoints  
----------    --------          -------      -------  ---------------------  -------------------      -------      -------  ---------------------  -------------------  


------------------------------------------------------------------------------------------------
| Other Path Groups Table
| -----------------------
------------------------------------------------------------------------------------------------

Path Group    From Clock    To Clock          WNS(ns)      TNS(ns)  TNS Failing Endpoints  TNS Total Endpoints      WHS(ns)      THS(ns)  THS Failing Endpoints  THS Total Endpoints  
----------    ----------    --------          -------      -------  ---------------------  -------------------      -------      -------  ---------------------  -------------------  


------------------------------------------------------------------------------------------------
| Timing Details
| --------------
------------------------------------------------------------------------------------------------


---------------------------------------------------------------------------------------------------
From Clock:  gclk
  To Clock:  gclk

Setup :           NA  Failing Endpoints,  Worst Slack           NA  ,  Total Violation           NA
Hold  :           NA  Failing Endpoints,  Worst Slack           NA  ,  Total Violation           NA
PW    :            0  Failing Endpoints,  Worst Slack        2.000ns,  Total Violation        0.000ns
---------------------------------------------------------------------------------------------------


Pulse Width Checks
--------------------------------------------------------------------------------------
Clock Name:         gclk
Waveform(ns):       { 0.000 4.000 }
Period(ns):         10.000
Sources:            { clk_100mhz }

Check Type        Corner  Lib Pin            Reference Pin  Required(ns)  Actual(ns)  Slack(ns)  Location         Pin
Min Period        n/a     MMCME2_ADV/CLKIN1  n/a            1.249         10.000      8.751      MMCME2_ADV_X0Y0  mhdmicw/mmcm_adv_inst/CLKIN1
Max Period        n/a     MMCME2_ADV/CLKIN1  n/a            100.000       10.000      90.000     MMCME2_ADV_X0Y0  mhdmicw/mmcm_adv_inst/CLKIN1
Low Pulse Width   Slow    MMCME2_ADV/CLKIN1  n/a            2.000         6.000       4.000      MMCME2_ADV_X0Y0  mhdmicw/mmcm_adv_inst/CLKIN1
High Pulse Width  Slow    MMCME2_ADV/CLKIN1  n/a            2.000         4.000       2.000      MMCME2_ADV_X0Y0  mhdmicw/mmcm_adv_inst/CLKIN1



---------------------------------------------------------------------------------------------------
From Clock:  clk_pixel_clk_wiz_0
  To Clock:  clk_pixel_clk_wiz_0

Setup :            0  Failing Endpoints,  Worst Slack        2.921ns,  Total Violation        0.000ns
Hold  :            0  Failing Endpoints,  Worst Slack        0.145ns,  Total Violation        0.000ns
PW    :            0  Failing Endpoints,  Worst Slack        6.234ns,  Total Violation        0.000ns
---------------------------------------------------------------------------------------------------


Max Delay Paths
--------------------------------------------------------------------------------------
Slack (MET) :             2.921ns  (required time - arrival time)
  Source:                 draw_characters/v_reg[1][7]/C
                            (rising edge-triggered cell FDRE clocked by clk_pixel_clk_wiz_0  {rise@0.000ns fall@6.734ns period=13.468ns})
  Destination:            draw_characters/character_image/BRAM_reg_1_0/ADDRARDADDR[11]
                            (rising edge-triggered cell RAMB36E1 clocked by clk_pixel_clk_wiz_0  {rise@0.000ns fall@6.734ns period=13.468ns})
  Path Group:             clk_pixel_clk_wiz_0
  Path Type:              Setup (Max at Slow Process Corner)
  Requirement:            13.468ns  (clk_pixel_clk_wiz_0 rise@13.468ns - clk_pixel_clk_wiz_0 rise@0.000ns)
  Data Path Delay:        9.497ns  (logic 3.445ns (36.276%)  route 6.052ns (63.724%))
  Logic Levels:           8  (CARRY4=5 LUT2=1 LUT4=1 LUT5=1)
  Clock Path Skew:        -0.145ns (DCD - SCD + CPR)
    Destination Clock Delay (DCD):    -1.539ns = ( 11.929 - 13.468 ) 
    Source Clock Delay      (SCD):    -0.904ns
    Clock Pessimism Removal (CPR):    0.490ns
  Clock Uncertainty:      0.168ns  ((TSJ^2 + DJ^2)^1/2) / 2 + PE
    Total System Jitter     (TSJ):    0.071ns
    Discrete Jitter          (DJ):    0.329ns
    Phase Error              (PE):    0.000ns

    Location             Delay type                Incr(ns)  Path(ns)    Netlist Resource(s)
  -------------------------------------------------------------------    -------------------
                         (clock clk_pixel_clk_wiz_0 rise edge)
                                                      0.000     0.000 r  
    N15                                               0.000     0.000 r  clk_100mhz (IN)
                         net (fo=0)                   0.000     0.000    mhdmicw/clk_100mhz
    N15                  IBUF (Prop_ibuf_I_O)         1.440     1.440 r  mhdmicw/clkin1_ibufg/O
                         net (fo=1, routed)           1.233     2.673    mhdmicw/clk_ref_clk_wiz_0
    MMCME2_ADV_X0Y0      MMCME2_ADV (Prop_mmcme2_adv_CLKIN1_CLKOUT0)
                                                     -6.965    -4.291 r  mhdmicw/mmcm_adv_inst/CLKOUT0
                         net (fo=1, routed)           1.666    -2.625    mhdmicw/clk_pixel_clk_wiz_0
    BUFGCTRL_X0Y0        BUFG (Prop_bufg_I_O)         0.096    -2.529 r  mhdmicw/clkout1_buf/O
                         net (fo=236, routed)         1.625    -0.904    draw_characters/clk_pixel
    SLICE_X2Y29          FDRE                                         r  draw_characters/v_reg[1][7]/C
  -------------------------------------------------------------------    -------------------
    SLICE_X2Y29          FDRE (Prop_fdre_C_Q)         0.518    -0.386 r  draw_characters/v_reg[1][7]/Q
                         net (fo=6, routed)           0.922     0.537    draw_characters/v_reg[1]_3[7]
    SLICE_X2Y27          LUT5 (Prop_lut5_I1_O)        0.124     0.661 r  draw_characters/image_addr2_carry_i_3/O
                         net (fo=1, routed)           0.000     0.661    draw_characters/image_addr2_carry_i_3_n_0
    SLICE_X2Y27          CARRY4 (Prop_carry4_S[1]_O[2])
                                                      0.578     1.239 r  draw_characters/image_addr2_carry/O[2]
                         net (fo=2, routed)           0.821     2.060    draw_characters/terminal_grid/image_addr_carry[1]
    SLICE_X8Y25          LUT4 (Prop_lut4_I0_O)        0.301     2.361 r  draw_characters/terminal_grid/image_addr_carry_i_2/O
                         net (fo=1, routed)           0.000     2.361    draw_characters/terminal_grid_n_17
    SLICE_X8Y25          CARRY4 (Prop_carry4_S[2]_O[2])
                                                      0.250     2.611 r  draw_characters/image_addr_carry/O[2]
                         net (fo=1, routed)           0.437     3.048    draw_characters/image_addr_carry_n_5
    SLICE_X9Y24          LUT2 (Prop_lut2_I1_O)        0.301     3.349 r  draw_characters/i___5_carry__0_i_7/O
                         net (fo=1, routed)           0.000     3.349    draw_characters/terminal_grid/BRAM_reg_1_7_0[1]
    SLICE_X9Y24          CARRY4 (Prop_carry4_S[1]_O[2])
                                                      0.580     3.929 r  draw_characters/terminal_grid/i___5_carry__0_i_1/O[2]
                         net (fo=2, routed)           0.636     4.565    draw_characters/PCOUT[10]
    SLICE_X8Y23          CARRY4 (Prop_carry4_DI[3]_CO[3])
                                                      0.574     5.139 r  draw_characters/image_addr_inferred__1/i___5_carry__0/CO[3]
                         net (fo=1, routed)           0.000     5.139    draw_characters/image_addr_inferred__1/i___5_carry__0_n_0
    SLICE_X8Y24          CARRY4 (Prop_carry4_CI_O[0])
                                                      0.219     5.358 r  draw_characters/image_addr_inferred__1/i___5_carry__1/O[0]
                         net (fo=16, routed)          3.236     8.593    draw_characters/character_image/ADDRARDADDR[8]
    RAMB36_X2Y4          RAMB36E1                                     r  draw_characters/character_image/BRAM_reg_1_0/ADDRARDADDR[11]
  -------------------------------------------------------------------    -------------------

                         (clock clk_pixel_clk_wiz_0 rise edge)
                                                     13.468    13.468 r  
    N15                                               0.000    13.468 r  clk_100mhz (IN)
                         net (fo=0)                   0.000    13.468    mhdmicw/clk_100mhz
    N15                  IBUF (Prop_ibuf_I_O)         1.370    14.838 r  mhdmicw/clkin1_ibufg/O
                         net (fo=1, routed)           1.162    16.000    mhdmicw/clk_ref_clk_wiz_0
    MMCME2_ADV_X0Y0      MMCME2_ADV (Prop_mmcme2_adv_CLKIN1_CLKOUT0)
                                                     -7.221     8.779 r  mhdmicw/mmcm_adv_inst/CLKOUT0
                         net (fo=1, routed)           1.587    10.366    mhdmicw/clk_pixel_clk_wiz_0
    BUFGCTRL_X0Y0        BUFG (Prop_bufg_I_O)         0.091    10.457 r  mhdmicw/clkout1_buf/O
                         net (fo=236, routed)         1.473    11.929    draw_characters/character_image/clk_pixel
    RAMB36_X2Y4          RAMB36E1                                     r  draw_characters/character_image/BRAM_reg_1_0/CLKARDCLK
                         clock pessimism              0.490    12.420    
                         clock uncertainty           -0.168    12.252    
    RAMB36_X2Y4          RAMB36E1 (Setup_ramb36e1_CLKARDCLK_ADDRARDADDR[11])
                                                     -0.737    11.515    draw_characters/character_image/BRAM_reg_1_0
  -------------------------------------------------------------------
                         required time                         11.515    
                         arrival time                          -8.593    
  -------------------------------------------------------------------
                         slack                                  2.921    





Min Delay Paths
--------------------------------------------------------------------------------------
Slack (MET) :             0.145ns  (arrival time - required time)
  Source:                 terminal/tg_input_reg[2]/C
                            (rising edge-triggered cell FDRE clocked by clk_pixel_clk_wiz_0  {rise@0.000ns fall@6.734ns period=13.468ns})
  Destination:            draw_characters/terminal_grid/BRAM_reg/DIADI[2]
                            (rising edge-triggered cell RAMB36E1 clocked by clk_pixel_clk_wiz_0  {rise@0.000ns fall@6.734ns period=13.468ns})
  Path Group:             clk_pixel_clk_wiz_0
  Path Type:              Hold (Min at Fast Process Corner)
  Requirement:            0.000ns  (clk_pixel_clk_wiz_0 rise@0.000ns - clk_pixel_clk_wiz_0 rise@0.000ns)
  Data Path Delay:        0.352ns  (logic 0.141ns (40.061%)  route 0.211ns (59.939%))
  Logic Levels:           0  
  Clock Path Skew:        0.051ns (DCD - SCD - CPR)
    Destination Clock Delay (DCD):    -0.840ns
    Source Clock Delay      (SCD):    -0.618ns
    Clock Pessimism Removal (CPR):    -0.274ns

    Location             Delay type                Incr(ns)  Path(ns)    Netlist Resource(s)
  -------------------------------------------------------------------    -------------------
                         (clock clk_pixel_clk_wiz_0 rise edge)
                                                      0.000     0.000 r  
    N15                                               0.000     0.000 r  clk_100mhz (IN)
                         net (fo=0)                   0.000     0.000    mhdmicw/clk_100mhz
    N15                  IBUF (Prop_ibuf_I_O)         0.209     0.209 r  mhdmicw/clkin1_ibufg/O
                         net (fo=1, routed)           0.440     0.649    mhdmicw/clk_ref_clk_wiz_0
    MMCME2_ADV_X0Y0      MMCME2_ADV (Prop_mmcme2_adv_CLKIN1_CLKOUT0)
                                                     -2.362    -1.714 r  mhdmicw/mmcm_adv_inst/CLKOUT0
                         net (fo=1, routed)           0.489    -1.225    mhdmicw/clk_pixel_clk_wiz_0
    BUFGCTRL_X0Y0        BUFG (Prop_bufg_I_O)         0.026    -1.199 r  mhdmicw/clkout1_buf/O
                         net (fo=236, routed)         0.581    -0.618    terminal/clk_pixel
    SLICE_X7Y26          FDRE                                         r  terminal/tg_input_reg[2]/C
  -------------------------------------------------------------------    -------------------
    SLICE_X7Y26          FDRE (Prop_fdre_C_Q)         0.141    -0.477 r  terminal/tg_input_reg[2]/Q
                         net (fo=2, routed)           0.211    -0.266    draw_characters/terminal_grid/DIADI[2]
    RAMB36_X0Y5          RAMB36E1                                     r  draw_characters/terminal_grid/BRAM_reg/DIADI[2]
  -------------------------------------------------------------------    -------------------

                         (clock clk_pixel_clk_wiz_0 rise edge)
                                                      0.000     0.000 r  
    N15                                               0.000     0.000 r  clk_100mhz (IN)
                         net (fo=0)                   0.000     0.000    mhdmicw/clk_100mhz
    N15                  IBUF (Prop_ibuf_I_O)         0.396     0.396 r  mhdmicw/clkin1_ibufg/O
                         net (fo=1, routed)           0.480     0.876    mhdmicw/clk_ref_clk_wiz_0
    MMCME2_ADV_X0Y0      MMCME2_ADV (Prop_mmcme2_adv_CLKIN1_CLKOUT0)
                                                     -3.145    -2.269 r  mhdmicw/mmcm_adv_inst/CLKOUT0
                         net (fo=1, routed)           0.534    -1.735    mhdmicw/clk_pixel_clk_wiz_0
    BUFGCTRL_X0Y0        BUFG (Prop_bufg_I_O)         0.029    -1.706 r  mhdmicw/clkout1_buf/O
                         net (fo=236, routed)         0.866    -0.840    draw_characters/terminal_grid/clk_pixel
    RAMB36_X0Y5          RAMB36E1                                     r  draw_characters/terminal_grid/BRAM_reg/CLKARDCLK
                         clock pessimism              0.274    -0.567    
    RAMB36_X0Y5          RAMB36E1 (Hold_ramb36e1_CLKARDCLK_DIADI[2])
                                                      0.155    -0.412    draw_characters/terminal_grid/BRAM_reg
  -------------------------------------------------------------------
                         required time                          0.412    
                         arrival time                          -0.266    
  -------------------------------------------------------------------
                         slack                                  0.145    





Pulse Width Checks
--------------------------------------------------------------------------------------
Clock Name:         clk_pixel_clk_wiz_0
Waveform(ns):       { 0.000 6.734 }
Period(ns):         13.468
Sources:            { mhdmicw/mmcm_adv_inst/CLKOUT0 }

Check Type        Corner  Lib Pin             Reference Pin  Required(ns)  Actual(ns)  Slack(ns)  Location         Pin
Min Period        n/a     RAMB18E1/CLKARDCLK  n/a            2.944         13.468      10.524     RAMB18_X0Y8      draw_characters/character_pallete/BRAM_reg/CLKARDCLK
Max Period        n/a     MMCME2_ADV/CLKOUT0  n/a            213.360       13.468      199.892    MMCME2_ADV_X0Y0  mhdmicw/mmcm_adv_inst/CLKOUT0
Low Pulse Width   Slow    FDRE/C              n/a            0.500         6.734       6.234      SLICE_X12Y30     bksp_b/clean_out_reg/C
High Pulse Width  Slow    FDRE/C              n/a            0.500         6.734       6.234      SLICE_X12Y30     bksp_b/clean_out_reg/C



---------------------------------------------------------------------------------------------------
From Clock:  clk_tmds_clk_wiz_0
  To Clock:  clk_tmds_clk_wiz_0

Setup :           NA  Failing Endpoints,  Worst Slack           NA  ,  Total Violation           NA
Hold  :           NA  Failing Endpoints,  Worst Slack           NA  ,  Total Violation           NA
PW    :            0  Failing Endpoints,  Worst Slack        0.538ns,  Total Violation        0.000ns
---------------------------------------------------------------------------------------------------


Pulse Width Checks
--------------------------------------------------------------------------------------
Clock Name:         clk_tmds_clk_wiz_0
Waveform(ns):       { 0.000 1.347 }
Period(ns):         2.694
Sources:            { mhdmicw/mmcm_adv_inst/CLKOUT1 }

Check Type  Corner  Lib Pin             Reference Pin  Required(ns)  Actual(ns)  Slack(ns)  Location         Pin
Min Period  n/a     BUFG/I              n/a            2.155         2.694       0.538      BUFGCTRL_X0Y1    mhdmicw/clkout2_buf/I
Max Period  n/a     MMCME2_ADV/CLKOUT1  n/a            213.360       2.694       210.666    MMCME2_ADV_X0Y0  mhdmicw/mmcm_adv_inst/CLKOUT1



---------------------------------------------------------------------------------------------------
From Clock:  clkfbout_clk_wiz_0
  To Clock:  clkfbout_clk_wiz_0

Setup :           NA  Failing Endpoints,  Worst Slack           NA  ,  Total Violation           NA
Hold  :           NA  Failing Endpoints,  Worst Slack           NA  ,  Total Violation           NA
PW    :            0  Failing Endpoints,  Worst Slack       47.845ns,  Total Violation        0.000ns
---------------------------------------------------------------------------------------------------


Pulse Width Checks
--------------------------------------------------------------------------------------
Clock Name:         clkfbout_clk_wiz_0
Waveform(ns):       { 0.000 25.000 }
Period(ns):         50.000
Sources:            { mhdmicw/mmcm_adv_inst/CLKFBOUT }

Check Type  Corner  Lib Pin             Reference Pin  Required(ns)  Actual(ns)  Slack(ns)  Location         Pin
Min Period  n/a     BUFG/I              n/a            2.155         50.000      47.845     BUFGCTRL_X0Y2    mhdmicw/clkf_buf/I
Max Period  n/a     MMCME2_ADV/CLKFBIN  n/a            100.000       50.000      50.000     MMCME2_ADV_X0Y0  mhdmicw/mmcm_adv_inst/CLKFBIN



