Copyright 1986-2022 Xilinx, Inc. All Rights Reserved. Copyright 2022-2024 Advanced Micro Devices, Inc. All Rights Reserved.
---------------------------------------------------------------------------------------------------------------------------------------------
| Tool Version : Vivado v.2024.1 (lin64) Build 5076996 Wed May 22 18:36:09 MDT 2024
| Date         : Sun Nov 17 22:54:55 2024
| Host         : eecs-digital-07 running 64-bit Ubuntu 24.04.1 LTS
| Command      : report_timing -file obj/post_synth_timing.rpt
| Design       : top_level
| Device       : 7s50-csga324
| Speed File   : -1  PRODUCTION 1.23 2018-06-13
| Design State : Synthesized
---------------------------------------------------------------------------------------------------------------------------------------------

Timing Report

Slack (VIOLATED) :        -0.067ns  (required time - arrival time)
  Source:                 mvg/vcount_out_reg[3]/C
                            (rising edge-triggered cell FDRE clocked by clk_pixel_clk_wiz_0  {rise@0.000ns fall@6.734ns period=13.468ns})
  Destination:            com_sprite_m/popcat_image/BRAM_reg_0_0/ADDRARDADDR[13]
                            (rising edge-triggered cell RAMB36E1 clocked by clk_pixel_clk_wiz_0  {rise@0.000ns fall@6.734ns period=13.468ns})
  Path Group:             clk_pixel_clk_wiz_0
  Path Type:              Setup (Max at Slow Process Corner)
  Requirement:            13.468ns  (clk_pixel_clk_wiz_0 rise@13.468ns - clk_pixel_clk_wiz_0 rise@0.000ns)
  Data Path Delay:        12.477ns  (logic 8.564ns (68.639%)  route 3.913ns (31.361%))
  Logic Levels:           10  (CARRY4=7 DSP48E1=2 LUT2=1)
  Clock Path Skew:        -0.145ns (DCD - SCD + CPR)
    Destination Clock Delay (DCD):    -2.063ns = ( 11.405 - 13.468 ) 
    Source Clock Delay      (SCD):    -1.388ns
    Clock Pessimism Removal (CPR):    0.530ns
  Clock Uncertainty:      0.168ns  ((TSJ^2 + DJ^2)^1/2) / 2 + PE
    Total System Jitter     (TSJ):    0.071ns
    Discrete Jitter          (DJ):    0.329ns
    Phase Error              (PE):    0.000ns

    Location             Delay type                Incr(ns)  Path(ns)    Netlist Resource(s)
  -------------------------------------------------------------------    -------------------
                         (clock clk_pixel_clk_wiz_0 rise edge)
                                                      0.000     0.000 r  
    N15                                               0.000     0.000 r  clk_100mhz (IN)
                         net (fo=0)                   0.000     0.000    mhdmicw/clk_100mhz
    N15                  IBUF (Prop_ibuf_I_O)         1.440     1.440 r  mhdmicw/clkin1_ibufg/O
                         net (fo=1, unplaced)         0.584     2.024    mhdmicw/clk_ref_clk_wiz_0
                         MMCME2_ADV (Prop_mmcme2_adv_CLKIN1_CLKOUT0)
                                                     -5.108    -3.083 r  mhdmicw/mmcm_adv_inst/CLKOUT0
                         net (fo=1, unplaced)         0.800    -2.284    mhdmicw/clk_pixel_clk_wiz_0
                         BUFG (Prop_bufg_I_O)         0.096    -2.188 r  mhdmicw/clkout1_buf/O
                         net (fo=89, unplaced)        0.800    -1.388    mvg/clk_pixel
                         FDRE                                         r  mvg/vcount_out_reg[3]/C
  -------------------------------------------------------------------    -------------------
                         FDRE (Prop_fdre_C_Q)         0.456    -0.932 r  mvg/vcount_out_reg[3]/Q
                         net (fo=13, unplaced)        0.696    -0.236    com_sprite_m/Q[3]
                         CARRY4 (Prop_carry4_DI[3]_CO[3])
                                                      0.556     0.320 r  com_sprite_m/image_addr2_carry/CO[3]
                         net (fo=1, unplaced)         0.009     0.329    com_sprite_m/image_addr2_carry_n_0
                         CARRY4 (Prop_carry4_CI_CO[3])
                                                      0.114     0.443 r  com_sprite_m/image_addr2_carry__0/CO[3]
                         net (fo=1, unplaced)         0.000     0.443    com_sprite_m/image_addr2_carry__0_n_0
                         CARRY4 (Prop_carry4_CI_O[1])
                                                      0.348     0.791 r  com_sprite_m/image_addr2_carry__1/O[1]
                         net (fo=1, unplaced)         0.800     1.591    com_sprite_m/A[9]
                         DSP48E1 (Prop_dsp48e1_A[9]_P[13])
                                                      4.020     5.611 r  com_sprite_m/image_addr1/P[13]
                         net (fo=1, unplaced)         0.800     6.410    com_sprite_m/image_addr1_n_92
                         DSP48E1 (Prop_dsp48e1_C[13]_P[1])
                                                      1.820     8.230 r  com_sprite_m/image_addr/P[1]
                         net (fo=1, unplaced)         0.800     9.030    com_sprite_m/image_addr__0[1]
                         LUT2 (Prop_lut2_I1_O)        0.124     9.154 r  com_sprite_m/BRAM_reg_0_0_i_14/O
                         net (fo=1, unplaced)         0.000     9.154    mvg/BRAM_reg_0_0[1]
                         CARRY4 (Prop_carry4_S[1]_CO[3])
                                                      0.550     9.704 r  mvg/BRAM_reg_0_0_i_4/CO[3]
                         net (fo=1, unplaced)         0.009     9.713    mvg/BRAM_reg_0_0_i_4_n_0
                         CARRY4 (Prop_carry4_CI_CO[3])
                                                      0.114     9.827 r  mvg/BRAM_reg_0_0_i_3/CO[3]
                         net (fo=1, unplaced)         0.000     9.827    mvg/BRAM_reg_0_0_i_3_n_0
                         CARRY4 (Prop_carry4_CI_CO[3])
                                                      0.114     9.941 r  mvg/BRAM_reg_0_0_i_2/CO[3]
                         net (fo=1, unplaced)         0.000     9.941    com_sprite_m/popcat_image/BRAM_reg_0_0_0[0]
                         CARRY4 (Prop_carry4_CI_O[1])
                                                      0.348    10.289 r  com_sprite_m/popcat_image/BRAM_reg_0_0_i_1/O[1]
                         net (fo=16, unplaced)        0.800    11.089    com_sprite_m/popcat_image/PCOUT[13]
                         RAMB36E1                                     r  com_sprite_m/popcat_image/BRAM_reg_0_0/ADDRARDADDR[13]
  -------------------------------------------------------------------    -------------------

                         (clock clk_pixel_clk_wiz_0 rise edge)
                                                     13.468    13.468 r  
    N15                                               0.000    13.468 r  clk_100mhz (IN)
                         net (fo=0)                   0.000    13.468    mhdmicw/clk_100mhz
    N15                  IBUF (Prop_ibuf_I_O)         1.370    14.838 r  mhdmicw/clkin1_ibufg/O
                         net (fo=1, unplaced)         0.439    15.277    mhdmicw/clk_ref_clk_wiz_0
                         MMCME2_ADV (Prop_mmcme2_adv_CLKIN1_CLKOUT0)
                                                     -5.378     9.899 r  mhdmicw/mmcm_adv_inst/CLKOUT0
                         net (fo=1, unplaced)         0.760    10.659    mhdmicw/clk_pixel_clk_wiz_0
                         BUFG (Prop_bufg_I_O)         0.091    10.750 r  mhdmicw/clkout1_buf/O
                         net (fo=89, unplaced)        0.655    11.405    com_sprite_m/popcat_image/clk_pixel
                         RAMB36E1                                     r  com_sprite_m/popcat_image/BRAM_reg_0_0/CLKARDCLK
                         clock pessimism              0.530    11.935    
                         clock uncertainty           -0.168    11.767    
                         RAMB36E1 (Setup_ramb36e1_CLKARDCLK_ADDRARDADDR[13])
                                                     -0.745    11.022    com_sprite_m/popcat_image/BRAM_reg_0_0
  -------------------------------------------------------------------
                         required time                         11.022    
                         arrival time                         -11.089    
  -------------------------------------------------------------------
                         slack                                 -0.067    




