Copyright 1986-2022 Xilinx, Inc. All Rights Reserved. Copyright 2022-2024 Advanced Micro Devices, Inc. All Rights Reserved.
---------------------------------------------------------------------------------------------------------------------------------------------
| Tool Version : Vivado v.2024.1 (lin64) Build 5076996 Wed May 22 18:36:09 MDT 2024
| Date         : Wed Nov 27 14:42:45 2024
| Host         : eecs-digital-19 running 64-bit Ubuntu 24.04.1 LTS
| Command      : report_timing -file obj/post_route_timing.rpt
| Design       : top_level
| Device       : 7s50-csga324
| Speed File   : -1  PRODUCTION 1.23 2018-06-13
| Design State : Routed
---------------------------------------------------------------------------------------------------------------------------------------------

Timing Report

Slack (MET) :             3.186ns  (required time - arrival time)
  Source:                 com_sprite_m/v_reg[1][6]/C
                            (rising edge-triggered cell FDRE clocked by clk_pixel_clk_wiz_0  {rise@0.000ns fall@6.734ns period=13.468ns})
  Destination:            com_sprite_m/character_image/BRAM_reg_0_3/ADDRARDADDR[12]
                            (rising edge-triggered cell RAMB36E1 clocked by clk_pixel_clk_wiz_0  {rise@0.000ns fall@6.734ns period=13.468ns})
  Path Group:             clk_pixel_clk_wiz_0
  Path Type:              Setup (Max at Slow Process Corner)
  Requirement:            13.468ns  (clk_pixel_clk_wiz_0 rise@13.468ns - clk_pixel_clk_wiz_0 rise@0.000ns)
  Data Path Delay:        9.235ns  (logic 3.476ns (37.638%)  route 5.759ns (62.362%))
  Logic Levels:           8  (CARRY4=5 LUT2=1 LUT3=1 LUT5=1)
  Clock Path Skew:        -0.131ns (DCD - SCD + CPR)
    Destination Clock Delay (DCD):    -1.533ns = ( 11.935 - 13.468 ) 
    Source Clock Delay      (SCD):    -0.912ns
    Clock Pessimism Removal (CPR):    0.490ns
  Clock Uncertainty:      0.168ns  ((TSJ^2 + DJ^2)^1/2) / 2 + PE
    Total System Jitter     (TSJ):    0.071ns
    Discrete Jitter          (DJ):    0.329ns
    Phase Error              (PE):    0.000ns

    Location             Delay type                Incr(ns)  Path(ns)    Netlist Resource(s)
  -------------------------------------------------------------------    -------------------
                         (clock clk_pixel_clk_wiz_0 rise edge)
                                                      0.000     0.000 r  
    N15                                               0.000     0.000 r  clk_100mhz (IN)
                         net (fo=0)                   0.000     0.000    mhdmicw/clk_100mhz
    N15                  IBUF (Prop_ibuf_I_O)         1.440     1.440 r  mhdmicw/clkin1_ibufg/O
                         net (fo=1, routed)           1.233     2.673    mhdmicw/clk_ref_clk_wiz_0
    MMCME2_ADV_X0Y0      MMCME2_ADV (Prop_mmcme2_adv_CLKIN1_CLKOUT0)
                                                     -6.965    -4.291 r  mhdmicw/mmcm_adv_inst/CLKOUT0
                         net (fo=1, routed)           1.666    -2.625    mhdmicw/clk_pixel_clk_wiz_0
    BUFGCTRL_X0Y0        BUFG (Prop_bufg_I_O)         0.096    -2.529 r  mhdmicw/clkout1_buf/O
                         net (fo=238, routed)         1.617    -0.912    com_sprite_m/clk_pixel
    SLICE_X5Y23          FDRE                                         r  com_sprite_m/v_reg[1][6]/C
  -------------------------------------------------------------------    -------------------
    SLICE_X5Y23          FDRE (Prop_fdre_C_Q)         0.419    -0.493 r  com_sprite_m/v_reg[1][6]/Q
                         net (fo=6, routed)           0.881     0.389    com_sprite_m/v_reg[1]_2[6]
    SLICE_X4Y23          LUT5 (Prop_lut5_I1_O)        0.296     0.685 r  com_sprite_m/image_addr2_carry_i_3/O
                         net (fo=1, routed)           0.000     0.685    com_sprite_m/image_addr2_carry_i_3_n_0
    SLICE_X4Y23          CARRY4 (Prop_carry4_S[1]_O[2])
                                                      0.580     1.265 r  com_sprite_m/image_addr2_carry/O[2]
                         net (fo=2, routed)           0.716     1.981    com_sprite_m/image_addr2_carry_n_5
    SLICE_X8Y23          CARRY4 (Prop_carry4_DI[2]_O[3])
                                                      0.625     2.606 r  com_sprite_m/image_addr_carry/O[3]
                         net (fo=1, routed)           0.596     3.202    com_sprite_m/image_addr_carry_n_4
    SLICE_X9Y23          LUT2 (Prop_lut2_I1_O)        0.307     3.509 r  com_sprite_m/i___5_carry__0_i_6/O
                         net (fo=1, routed)           0.000     3.509    com_sprite_m/terminal_grid/BRAM_reg_1_7_1[2]
    SLICE_X9Y23          CARRY4 (Prop_carry4_S[2]_O[2])
                                                      0.248     3.757 r  com_sprite_m/terminal_grid/i___5_carry__0_i_1/O[2]
                         net (fo=2, routed)           0.473     4.230    com_sprite_m/terminal_grid/h_reg[1][10][2]
    SLICE_X8Y21          LUT3 (Prop_lut3_I2_O)        0.302     4.532 r  com_sprite_m/terminal_grid/i___5_carry__0_i_2/O
                         net (fo=1, routed)           0.000     4.532    com_sprite_m/terminal_grid_n_11
    SLICE_X8Y21          CARRY4 (Prop_carry4_S[3]_CO[3])
                                                      0.376     4.908 r  com_sprite_m/image_addr_inferred__1/i___5_carry__0/CO[3]
                         net (fo=1, routed)           0.000     4.908    com_sprite_m/image_addr_inferred__1/i___5_carry__0_n_0
    SLICE_X8Y22          CARRY4 (Prop_carry4_CI_O[1])
                                                      0.323     5.231 r  com_sprite_m/image_addr_inferred__1/i___5_carry__1/O[1]
                         net (fo=16, routed)          3.093     8.324    com_sprite_m/character_image/ADDRARDADDR[9]
    RAMB36_X2Y3          RAMB36E1                                     r  com_sprite_m/character_image/BRAM_reg_0_3/ADDRARDADDR[12]
  -------------------------------------------------------------------    -------------------

                         (clock clk_pixel_clk_wiz_0 rise edge)
                                                     13.468    13.468 r  
    N15                                               0.000    13.468 r  clk_100mhz (IN)
                         net (fo=0)                   0.000    13.468    mhdmicw/clk_100mhz
    N15                  IBUF (Prop_ibuf_I_O)         1.370    14.838 r  mhdmicw/clkin1_ibufg/O
                         net (fo=1, routed)           1.162    16.000    mhdmicw/clk_ref_clk_wiz_0
    MMCME2_ADV_X0Y0      MMCME2_ADV (Prop_mmcme2_adv_CLKIN1_CLKOUT0)
                                                     -7.221     8.779 r  mhdmicw/mmcm_adv_inst/CLKOUT0
                         net (fo=1, routed)           1.587    10.366    mhdmicw/clk_pixel_clk_wiz_0
    BUFGCTRL_X0Y0        BUFG (Prop_bufg_I_O)         0.091    10.457 r  mhdmicw/clkout1_buf/O
                         net (fo=238, routed)         1.479    11.935    com_sprite_m/character_image/clk_pixel
    RAMB36_X2Y3          RAMB36E1                                     r  com_sprite_m/character_image/BRAM_reg_0_3/CLKARDCLK
                         clock pessimism              0.490    12.426    
                         clock uncertainty           -0.168    12.258    
    RAMB36_X2Y3          RAMB36E1 (Setup_ramb36e1_CLKARDCLK_ADDRARDADDR[12])
                                                     -0.748    11.510    com_sprite_m/character_image/BRAM_reg_0_3
  -------------------------------------------------------------------
                         required time                         11.510    
                         arrival time                          -8.324    
  -------------------------------------------------------------------
                         slack                                  3.186    




