Copyright 1986-2022 Xilinx, Inc. All Rights Reserved. Copyright 2022-2024 Advanced Micro Devices, Inc. All Rights Reserved.
---------------------------------------------------------------------------------------------------------------------------------------------
| Tool Version : Vivado v.2024.1 (lin64) Build 5076996 Wed May 22 18:36:09 MDT 2024
| Date         : Sat Dec  7 21:22:12 2024
| Host         : eecs-digital-23 running 64-bit Ubuntu 24.04.1 LTS
| Command      : report_timing -file obj/post_place_timing.rpt
| Design       : top_level
| Device       : 7s50-csga324
| Speed File   : -1  PRODUCTION 1.23 2018-06-13
| Design State : Fully Placed
---------------------------------------------------------------------------------------------------------------------------------------------

Timing Report

Slack (MET) :             3.153ns  (required time - arrival time)
  Source:                 draw_characters/terminal_grid/BRAM_reg_0/CLKARDCLK
                            (rising edge-triggered cell RAMB36E1 clocked by clk_pixel_clk_wiz_0  {rise@0.000ns fall@6.734ns period=13.468ns})
  Destination:            draw_characters/character_image/BRAM_reg_1_2/ADDRARDADDR[13]
                            (rising edge-triggered cell RAMB36E1 clocked by clk_pixel_clk_wiz_0  {rise@0.000ns fall@6.734ns period=13.468ns})
  Path Group:             clk_pixel_clk_wiz_0
  Path Type:              Setup (Max at Slow Process Corner)
  Requirement:            13.468ns  (clk_pixel_clk_wiz_0 rise@13.468ns - clk_pixel_clk_wiz_0 rise@0.000ns)
  Data Path Delay:        9.271ns  (logic 3.479ns (37.526%)  route 5.792ns (62.474%))
  Logic Levels:           7  (CARRY4=4 LUT2=1 LUT5=1 LUT6=1)
  Clock Path Skew:        -0.132ns (DCD - SCD + CPR)
    Destination Clock Delay (DCD):    -1.593ns = ( 11.875 - 13.468 ) 
    Source Clock Delay      (SCD):    -0.987ns
    Clock Pessimism Removal (CPR):    0.474ns
  Clock Uncertainty:      0.168ns  ((TSJ^2 + DJ^2)^1/2) / 2 + PE
    Total System Jitter     (TSJ):    0.071ns
    Discrete Jitter          (DJ):    0.329ns
    Phase Error              (PE):    0.000ns

    Location             Delay type                Incr(ns)  Path(ns)    Netlist Resource(s)
  -------------------------------------------------------------------    -------------------
                         (clock clk_pixel_clk_wiz_0 rise edge)
                                                      0.000     0.000 r  
    N15                                               0.000     0.000 r  clk_100mhz (IN)
                         net (fo=0)                   0.000     0.000    mhdmicw/clk_100mhz
    N15                  IBUF (Prop_ibuf_I_O)         1.440     1.440 r  mhdmicw/clkin1_ibufg/O
                         net (fo=1, estimated)        1.233     2.673    mhdmicw/clk_ref_clk_wiz_0
    MMCME2_ADV_X0Y0      MMCME2_ADV (Prop_mmcme2_adv_CLKIN1_CLKOUT0)
                                                     -7.025    -4.352 r  mhdmicw/mmcm_adv_inst/CLKOUT0
                         net (fo=1, estimated)        1.666    -2.686    mhdmicw/clk_pixel_clk_wiz_0
    BUFGCTRL_X0Y0        BUFG (Prop_bufg_I_O)         0.096    -2.590 r  mhdmicw/clkout1_buf/O
                         net (fo=264, estimated)      1.602    -0.987    draw_characters/terminal_grid/clk_pixel
    RAMB36_X0Y3          RAMB36E1                                     r  draw_characters/terminal_grid/BRAM_reg_0/CLKARDCLK
  -------------------------------------------------------------------    -------------------
    RAMB36_X0Y3          RAMB36E1 (Prop_ramb36e1_CLKARDCLK_DOADO[1])
                                                      0.882    -0.105 f  draw_characters/terminal_grid/BRAM_reg_0/DOADO[1]
                         net (fo=12, estimated)       1.433     1.328    draw_characters/terminal_grid/ram_data_0[1]
    SLICE_X7Y13          LUT6 (Prop_lut6_I1_O)        0.124     1.452 r  draw_characters/terminal_grid/g1_b2/O
                         net (fo=1, estimated)        0.868     2.320    draw_characters/terminal_grid/g1_b2_n_0
    SLICE_X8Y13          LUT5 (Prop_lut5_I2_O)        0.124     2.444 r  draw_characters/terminal_grid/image_addr_carry_i_3/O
                         net (fo=1, routed)           0.000     2.444    draw_characters/terminal_grid_n_11
    SLICE_X8Y13          CARRY4 (Prop_carry4_S[1]_O[2])
                                                      0.578     3.022 r  draw_characters/image_addr_carry/O[2]
                         net (fo=1, estimated)        0.462     3.484    draw_characters/terminal_grid/BRAM_reg_1_7_0[3]
    SLICE_X8Y10          CARRY4 (Prop_carry4_S[3]_CO[3])
                                                      0.677     4.161 r  draw_characters/terminal_grid/i___5_carry__0_i_1/CO[3]
                         net (fo=1, estimated)        0.000     4.161    draw_characters/terminal_grid/i___5_carry__0_i_1_n_0
    SLICE_X8Y11          CARRY4 (Prop_carry4_CI_O[0])
                                                      0.219     4.380 r  draw_characters/terminal_grid/i___5_carry__1_i_5/O[0]
                         net (fo=1, estimated)        0.600     4.980    draw_characters/terminal_grid/PCOUT[12]
    SLICE_X9Y9           LUT2 (Prop_lut2_I1_O)        0.295     5.275 r  draw_characters/terminal_grid/i___5_carry__1_i_3/O
                         net (fo=1, routed)           0.000     5.275    draw_characters/terminal_grid_n_4
    SLICE_X9Y9           CARRY4 (Prop_carry4_S[1]_O[2])
                                                      0.580     5.855 r  draw_characters/image_addr_inferred__1/i___5_carry__1/O[2]
                         net (fo=16, estimated)       2.429     8.284    draw_characters/character_image/ADDRARDADDR[10]
    RAMB36_X0Y11         RAMB36E1                                     r  draw_characters/character_image/BRAM_reg_1_2/ADDRARDADDR[13]
  -------------------------------------------------------------------    -------------------

                         (clock clk_pixel_clk_wiz_0 rise edge)
                                                     13.468    13.468 r  
    N15                                               0.000    13.468 r  clk_100mhz (IN)
                         net (fo=0)                   0.000    13.468    mhdmicw/clk_100mhz
    N15                  IBUF (Prop_ibuf_I_O)         1.370    14.838 r  mhdmicw/clkin1_ibufg/O
                         net (fo=1, estimated)        1.171    16.010    mhdmicw/clk_ref_clk_wiz_0
    MMCME2_ADV_X0Y0      MMCME2_ADV (Prop_mmcme2_adv_CLKIN1_CLKOUT0)
                                                     -7.279     8.731 r  mhdmicw/mmcm_adv_inst/CLKOUT0
                         net (fo=1, estimated)        1.583    10.314    mhdmicw/clk_pixel_clk_wiz_0
    BUFGCTRL_X0Y0        BUFG (Prop_bufg_I_O)         0.091    10.405 r  mhdmicw/clkout1_buf/O
                         net (fo=264, estimated)      1.470    11.875    draw_characters/character_image/clk_pixel
    RAMB36_X0Y11         RAMB36E1                                     r  draw_characters/character_image/BRAM_reg_1_2/CLKARDCLK
                         clock pessimism              0.474    12.349    
                         clock uncertainty           -0.168    12.180    
    RAMB36_X0Y11         RAMB36E1 (Setup_ramb36e1_CLKARDCLK_ADDRARDADDR[13])
                                                     -0.744    11.436    draw_characters/character_image/BRAM_reg_1_2
  -------------------------------------------------------------------
                         required time                         11.436    
                         arrival time                          -8.284    
  -------------------------------------------------------------------
                         slack                                  3.153    




