Copyright 1986-2022 Xilinx, Inc. All Rights Reserved. Copyright 2022-2024 Advanced Micro Devices, Inc. All Rights Reserved.
---------------------------------------------------------------------------------------------------------------------------------------------
| Tool Version : Vivado v.2024.1 (lin64) Build 5076996 Wed May 22 18:36:09 MDT 2024
| Date         : Mon Dec  9 00:33:59 2024
| Host         : eecs-digital-19 running 64-bit Ubuntu 24.04.1 LTS
| Command      : report_timing -file obj/post_synth_timing.rpt
| Design       : top_level
| Device       : 7s50-csga324
| Speed File   : -1  PRODUCTION 1.23 2018-06-13
| Design State : Synthesized
---------------------------------------------------------------------------------------------------------------------------------------------

Timing Report

Slack (MET) :             4.094ns  (required time - arrival time)
  Source:                 draw_characters/character_pallete/BRAM_reg/CLKBWRCLK
                            (rising edge-triggered cell RAMB18E1 clocked by clk_pixel_clk_wiz_0  {rise@0.000ns fall@6.734ns period=13.468ns})
  Destination:            tmds_red/tally_reg[4]/D
                            (rising edge-triggered cell FDRE clocked by clk_pixel_clk_wiz_0  {rise@0.000ns fall@6.734ns period=13.468ns})
  Path Group:             clk_pixel_clk_wiz_0
  Path Type:              Setup (Max at Slow Process Corner)
  Requirement:            13.468ns  (clk_pixel_clk_wiz_0 rise@13.468ns - clk_pixel_clk_wiz_0 rise@0.000ns)
  Data Path Delay:        9.090ns  (logic 1.874ns (20.617%)  route 7.216ns (79.383%))
  Logic Levels:           8  (LUT5=1 LUT6=7)
  Clock Path Skew:        -0.145ns (DCD - SCD + CPR)
    Destination Clock Delay (DCD):    -2.063ns = ( 11.405 - 13.468 ) 
    Source Clock Delay      (SCD):    -1.388ns
    Clock Pessimism Removal (CPR):    0.530ns
  Clock Uncertainty:      0.168ns  ((TSJ^2 + DJ^2)^1/2) / 2 + PE
    Total System Jitter     (TSJ):    0.071ns
    Discrete Jitter          (DJ):    0.329ns
    Phase Error              (PE):    0.000ns

    Location             Delay type                Incr(ns)  Path(ns)    Netlist Resource(s)
  -------------------------------------------------------------------    -------------------
                         (clock clk_pixel_clk_wiz_0 rise edge)
                                                      0.000     0.000 r  
    N15                                               0.000     0.000 r  clk_100mhz (IN)
                         net (fo=0)                   0.000     0.000    mhdmicw/clk_100mhz
    N15                  IBUF (Prop_ibuf_I_O)         1.440     1.440 r  mhdmicw/clkin1_ibufg/O
                         net (fo=1, unplaced)         0.584     2.024    mhdmicw/clk_ref_clk_wiz_0
                         MMCME2_ADV (Prop_mmcme2_adv_CLKIN1_CLKOUT0)
                                                     -5.108    -3.083 r  mhdmicw/mmcm_adv_inst/CLKOUT0
                         net (fo=1, unplaced)         0.800    -2.284    mhdmicw/clk_pixel_clk_wiz_0
                         BUFG (Prop_bufg_I_O)         0.096    -2.188 r  mhdmicw/clkout1_buf/O
                         net (fo=361, unplaced)       0.800    -1.388    draw_characters/character_pallete/clk_pixel
                         RAMB18E1                                     r  draw_characters/character_pallete/BRAM_reg/CLKBWRCLK
  -------------------------------------------------------------------    -------------------
                         RAMB18E1 (Prop_ramb18e1_CLKBWRCLK_DOBDO[3])
                                                      0.882    -0.506 f  draw_characters/character_pallete/BRAM_reg/DOBDO[3]
                         net (fo=2, unplaced)         0.800     0.294    mmo_visualizer/character_pallete/tmds_out_reg[7]_1[19]
                         LUT5 (Prop_lut5_I4_O)        0.124     0.418 r  mmo_visualizer/character_pallete/tmds_out[5]_i_5__1/O
                         net (fo=9, unplaced)         1.152     1.570    mmo_visualizer/character_pallete/BRAM_reg_21
                         LUT6 (Prop_lut6_I1_O)        0.124     1.694 r  mmo_visualizer/character_pallete/tally[4]_i_43/O
                         net (fo=2, unplaced)         0.913     2.607    mmo_visualizer/character_pallete/BRAM_reg_14
                         LUT6 (Prop_lut6_I0_O)        0.124     2.731 r  mmo_visualizer/character_pallete/tally[4]_i_41/O
                         net (fo=2, unplaced)         0.913     3.644    draw_characters/character_pallete/tally[4]_i_36_0
                         LUT6 (Prop_lut6_I1_O)        0.124     3.768 r  draw_characters/character_pallete/tally[4]_i_28__0/O
                         net (fo=10, unplaced)        0.945     4.713    draw_characters/character_pallete/tally[4]_i_28__0_n_0
                         LUT6 (Prop_lut6_I1_O)        0.124     4.837 r  draw_characters/character_pallete/tally[4]_i_12__0/O
                         net (fo=5, unplaced)         0.693     5.530    draw_characters/character_pallete/BRAM_reg_15
                         LUT6 (Prop_lut6_I1_O)        0.124     5.654 r  draw_characters/character_pallete/tally[4]_i_17__1/O
                         net (fo=4, unplaced)         1.135     6.789    draw_characters/character_pallete/tally[4]_i_17__1_n_0
                         LUT6 (Prop_lut6_I1_O)        0.124     6.913 r  draw_characters/character_pallete/tally[4]_i_6__0/O
                         net (fo=1, unplaced)         0.665     7.578    draw_characters/character_pallete/tally[4]_i_6__0_n_0
                         LUT6 (Prop_lut6_I2_O)        0.124     7.702 r  draw_characters/character_pallete/tally[4]_i_2__0/O
                         net (fo=1, unplaced)         0.000     7.702    tmds_red/D[2]
                         FDRE                                         r  tmds_red/tally_reg[4]/D
  -------------------------------------------------------------------    -------------------

                         (clock clk_pixel_clk_wiz_0 rise edge)
                                                     13.468    13.468 r  
    N15                                               0.000    13.468 r  clk_100mhz (IN)
                         net (fo=0)                   0.000    13.468    mhdmicw/clk_100mhz
    N15                  IBUF (Prop_ibuf_I_O)         1.370    14.838 r  mhdmicw/clkin1_ibufg/O
                         net (fo=1, unplaced)         0.439    15.277    mhdmicw/clk_ref_clk_wiz_0
                         MMCME2_ADV (Prop_mmcme2_adv_CLKIN1_CLKOUT0)
                                                     -5.378     9.899 r  mhdmicw/mmcm_adv_inst/CLKOUT0
                         net (fo=1, unplaced)         0.760    10.659    mhdmicw/clk_pixel_clk_wiz_0
                         BUFG (Prop_bufg_I_O)         0.091    10.750 r  mhdmicw/clkout1_buf/O
                         net (fo=361, unplaced)       0.655    11.405    tmds_red/clk_pixel
                         FDRE                                         r  tmds_red/tally_reg[4]/C
                         clock pessimism              0.530    11.935    
                         clock uncertainty           -0.168    11.767    
                         FDRE (Setup_fdre_C_D)        0.029    11.796    tmds_red/tally_reg[4]
  -------------------------------------------------------------------
                         required time                         11.796    
                         arrival time                          -7.702    
  -------------------------------------------------------------------
                         slack                                  4.094    




