Copyright 1986-2022 Xilinx, Inc. All Rights Reserved. Copyright 2022-2024 Advanced Micro Devices, Inc. All Rights Reserved.
---------------------------------------------------------------------------------------------------------------------------------------------
| Tool Version : Vivado v.2024.1 (lin64) Build 5076996 Wed May 22 18:36:09 MDT 2024
| Date         : Wed Dec 11 05:00:42 2024
| Host         : eecs-digital-01 running 64-bit Ubuntu 24.04.1 LTS
| Command      : report_timing -file obj/post_place_timing.rpt
| Design       : top_level
| Device       : 7s50-csga324
| Speed File   : -1  PRODUCTION 1.23 2018-06-13
| Design State : Fully Placed
---------------------------------------------------------------------------------------------------------------------------------------------

Timing Report

Slack (MET) :             2.114ns  (required time - arrival time)
  Source:                 draw_characters/terminal_grid/BRAM_reg_0/CLKARDCLK
                            (rising edge-triggered cell RAMB36E1 clocked by clk_pixel_clk_wiz_0  {rise@0.000ns fall@6.734ns period=13.468ns})
  Destination:            draw_characters/character_image/BRAM_reg_1_6/ADDRARDADDR[13]
                            (rising edge-triggered cell RAMB36E1 clocked by clk_pixel_clk_wiz_0  {rise@0.000ns fall@6.734ns period=13.468ns})
  Path Group:             clk_pixel_clk_wiz_0
  Path Type:              Setup (Max at Slow Process Corner)
  Requirement:            13.468ns  (clk_pixel_clk_wiz_0 rise@13.468ns - clk_pixel_clk_wiz_0 rise@0.000ns)
  Data Path Delay:        10.300ns  (logic 3.180ns (30.874%)  route 7.120ns (69.126%))
  Logic Levels:           7  (CARRY4=4 LUT2=1 LUT5=1 LUT6=1)
  Clock Path Skew:        -0.143ns (DCD - SCD + CPR)
    Destination Clock Delay (DCD):    -1.593ns = ( 11.875 - 13.468 ) 
    Source Clock Delay      (SCD):    -0.976ns
    Clock Pessimism Removal (CPR):    0.474ns
  Clock Uncertainty:      0.168ns  ((TSJ^2 + DJ^2)^1/2) / 2 + PE
    Total System Jitter     (TSJ):    0.071ns
    Discrete Jitter          (DJ):    0.329ns
    Phase Error              (PE):    0.000ns

    Location             Delay type                Incr(ns)  Path(ns)    Netlist Resource(s)
  -------------------------------------------------------------------    -------------------
                         (clock clk_pixel_clk_wiz_0 rise edge)
                                                      0.000     0.000 r  
    N15                                               0.000     0.000 r  clk_100mhz (IN)
                         net (fo=0)                   0.000     0.000    mhdmicw/clk_100mhz
    N15                  IBUF (Prop_ibuf_I_O)         1.440     1.440 r  mhdmicw/clkin1_ibufg/O
                         net (fo=1, estimated)        1.233     2.673    mhdmicw/clk_ref_clk_wiz_0
    MMCME2_ADV_X0Y0      MMCME2_ADV (Prop_mmcme2_adv_CLKIN1_CLKOUT0)
                                                     -7.025    -4.352 r  mhdmicw/mmcm_adv_inst/CLKOUT0
                         net (fo=1, estimated)        1.666    -2.686    mhdmicw/clk_pixel_clk_wiz_0
    BUFGCTRL_X0Y0        BUFG (Prop_bufg_I_O)         0.096    -2.590 r  mhdmicw/clkout1_buf/O
                         net (fo=426, estimated)      1.613    -0.976    draw_characters/terminal_grid/clk_pixel
    RAMB36_X0Y0          RAMB36E1                                     r  draw_characters/terminal_grid/BRAM_reg_0/CLKARDCLK
  -------------------------------------------------------------------    -------------------
    RAMB36_X0Y0          RAMB36E1 (Prop_ramb36e1_CLKARDCLK_DOADO[0])
                                                      0.882    -0.094 f  draw_characters/terminal_grid/BRAM_reg_0/DOADO[0]
                         net (fo=12, estimated)       2.471     2.377    draw_characters/terminal_grid/ram_data_0[0]
    SLICE_X10Y26         LUT6 (Prop_lut6_I0_O)        0.124     2.501 r  draw_characters/terminal_grid/g1_b3/O
                         net (fo=1, estimated)        0.742     3.243    draw_characters/terminal_grid/g1_b3_n_0
    SLICE_X9Y26          LUT5 (Prop_lut5_I2_O)        0.124     3.367 r  draw_characters/terminal_grid/image_addr_carry_i_3/O
                         net (fo=1, routed)           0.000     3.367    draw_characters/terminal_grid_n_4
    SLICE_X9Y26          CARRY4 (Prop_carry4_S[2]_O[2])
                                                      0.248     3.615 r  draw_characters/image_addr_carry/O[2]
                         net (fo=1, estimated)        0.539     4.154    draw_characters/terminal_grid/S[3]
    SLICE_X7Y27          CARRY4 (Prop_carry4_S[3]_CO[3])
                                                      0.703     4.857 r  draw_characters/terminal_grid/i__carry__0_i_1__2/CO[3]
                         net (fo=1, estimated)        0.000     4.857    draw_characters/terminal_grid/i__carry__0_i_1__2_n_0
    SLICE_X7Y28          CARRY4 (Prop_carry4_CI_O[0])
                                                      0.222     5.079 r  draw_characters/terminal_grid/i__carry__1_i_5/O[0]
                         net (fo=1, estimated)        0.796     5.875    draw_characters/terminal_grid/PCOUT_3[12]
    SLICE_X8Y27          LUT2 (Prop_lut2_I1_O)        0.299     6.174 r  draw_characters/terminal_grid/i__carry__1_i_3__0/O
                         net (fo=1, routed)           0.000     6.174    draw_characters/terminal_grid_n_13
    SLICE_X8Y27          CARRY4 (Prop_carry4_S[1]_O[2])
                                                      0.578     6.752 r  draw_characters/image_addr_inferred__1/i__carry__1/O[2]
                         net (fo=16, estimated)       2.572     9.324    draw_characters/character_image/ADDRARDADDR[13]
    RAMB36_X0Y17         RAMB36E1                                     r  draw_characters/character_image/BRAM_reg_1_6/ADDRARDADDR[13]
  -------------------------------------------------------------------    -------------------

                         (clock clk_pixel_clk_wiz_0 rise edge)
                                                     13.468    13.468 r  
    N15                                               0.000    13.468 r  clk_100mhz (IN)
                         net (fo=0)                   0.000    13.468    mhdmicw/clk_100mhz
    N15                  IBUF (Prop_ibuf_I_O)         1.370    14.838 r  mhdmicw/clkin1_ibufg/O
                         net (fo=1, estimated)        1.171    16.010    mhdmicw/clk_ref_clk_wiz_0
    MMCME2_ADV_X0Y0      MMCME2_ADV (Prop_mmcme2_adv_CLKIN1_CLKOUT0)
                                                     -7.279     8.731 r  mhdmicw/mmcm_adv_inst/CLKOUT0
                         net (fo=1, estimated)        1.583    10.314    mhdmicw/clk_pixel_clk_wiz_0
    BUFGCTRL_X0Y0        BUFG (Prop_bufg_I_O)         0.091    10.405 r  mhdmicw/clkout1_buf/O
                         net (fo=426, estimated)      1.470    11.875    draw_characters/character_image/clk_pixel
    RAMB36_X0Y17         RAMB36E1                                     r  draw_characters/character_image/BRAM_reg_1_6/CLKARDCLK
                         clock pessimism              0.474    12.349    
                         clock uncertainty           -0.168    12.180    
    RAMB36_X0Y17         RAMB36E1 (Setup_ramb36e1_CLKARDCLK_ADDRARDADDR[13])
                                                     -0.743    11.437    draw_characters/character_image/BRAM_reg_1_6
  -------------------------------------------------------------------
                         required time                         11.437    
                         arrival time                          -9.324    
  -------------------------------------------------------------------
                         slack                                  2.114    




