Copyright 1986-2022 Xilinx, Inc. All Rights Reserved. Copyright 2022-2024 Advanced Micro Devices, Inc. All Rights Reserved.
---------------------------------------------------------------------------------------------------------------------------------------------
| Tool Version : Vivado v.2024.1 (lin64) Build 5076996 Wed May 22 18:36:09 MDT 2024
| Date         : Sat Dec  7 17:46:36 2024
| Host         : eecs-digital-07 running 64-bit Ubuntu 24.04.1 LTS
| Command      : report_timing -file obj/post_place_timing.rpt
| Design       : top_level
| Device       : 7s50-csga324
| Speed File   : -1  PRODUCTION 1.23 2018-06-13
| Design State : Fully Placed
---------------------------------------------------------------------------------------------------------------------------------------------

Timing Report

Slack (MET) :             6.690ns  (required time - arrival time)
  Source:                 mssc/segment_counter_reg[16]/C
                            (rising edge-triggered cell FDRE clocked by gclk  {rise@0.000ns fall@4.000ns period=10.000ns})
  Destination:            mssc/segment_counter_reg[12]/R
                            (rising edge-triggered cell FDRE clocked by gclk  {rise@0.000ns fall@4.000ns period=10.000ns})
  Path Group:             gclk
  Path Type:              Setup (Max at Slow Process Corner)
  Requirement:            10.000ns  (gclk rise@10.000ns - gclk rise@0.000ns)
  Data Path Delay:        2.730ns  (logic 0.766ns (28.059%)  route 1.964ns (71.941%))
  Logic Levels:           2  (LUT4=1 LUT6=1)
  Clock Path Skew:        -0.021ns (DCD - SCD + CPR)
    Destination Clock Delay (DCD):    4.825ns = ( 14.825 - 10.000 ) 
    Source Clock Delay      (SCD):    5.113ns
    Clock Pessimism Removal (CPR):    0.268ns
  Clock Uncertainty:      0.035ns  ((TSJ^2 + TIJ^2)^1/2 + DJ) / 2 + PE
    Total System Jitter     (TSJ):    0.071ns
    Total Input Jitter      (TIJ):    0.000ns
    Discrete Jitter          (DJ):    0.000ns
    Phase Error              (PE):    0.000ns

    Location             Delay type                Incr(ns)  Path(ns)    Netlist Resource(s)
  -------------------------------------------------------------------    -------------------
                         (clock gclk rise edge)       0.000     0.000 r  
    N15                                               0.000     0.000 r  clk_100mhz (IN)
                         net (fo=0)                   0.000     0.000    clk_100mhz
    N15                  IBUF (Prop_ibuf_I_O)         1.440     1.440 r  clk_100mhz_IBUF_inst/O
                         net (fo=1, estimated)        1.972     3.412    clk_100mhz_IBUF
    BUFGCTRL_X0Y0        BUFG (Prop_bufg_I_O)         0.096     3.508 r  clk_100mhz_IBUF_BUFG_inst/O
                         net (fo=55, estimated)       1.605     5.113    mssc/clk_100mhz_IBUF_BUFG
    SLICE_X60Y73         FDRE                                         r  mssc/segment_counter_reg[16]/C
  -------------------------------------------------------------------    -------------------
    SLICE_X60Y73         FDRE (Prop_fdre_C_Q)         0.518     5.631 r  mssc/segment_counter_reg[16]/Q
                         net (fo=2, estimated)        0.817     6.448    mssc/segment_counter_reg[16]
    SLICE_X61Y71         LUT4 (Prop_lut4_I0_O)        0.124     6.572 f  mssc/segment_state[7]_i_3/O
                         net (fo=1, estimated)        0.453     7.025    mssc/segment_state[7]_i_3_n_0
    SLICE_X61Y71         LUT6 (Prop_lut6_I1_O)        0.124     7.149 r  mssc/segment_state[7]_i_1/O
                         net (fo=25, estimated)       0.694     7.843    mssc/segment_state_0
    SLICE_X60Y72         FDRE                                         r  mssc/segment_counter_reg[12]/R
  -------------------------------------------------------------------    -------------------

                         (clock gclk rise edge)      10.000    10.000 r  
    N15                                               0.000    10.000 r  clk_100mhz (IN)
                         net (fo=0)                   0.000    10.000    clk_100mhz
    N15                  IBUF (Prop_ibuf_I_O)         1.370    11.370 r  clk_100mhz_IBUF_inst/O
                         net (fo=1, estimated)        1.873    13.244    clk_100mhz_IBUF
    BUFGCTRL_X0Y0        BUFG (Prop_bufg_I_O)         0.091    13.335 r  clk_100mhz_IBUF_BUFG_inst/O
                         net (fo=55, estimated)       1.490    14.825    mssc/clk_100mhz_IBUF_BUFG
    SLICE_X60Y72         FDRE                                         r  mssc/segment_counter_reg[12]/C
                         clock pessimism              0.268    15.092    
                         clock uncertainty           -0.035    15.057    
    SLICE_X60Y72         FDRE (Setup_fdre_C_R)       -0.524    14.533    mssc/segment_counter_reg[12]
  -------------------------------------------------------------------
                         required time                         14.533    
                         arrival time                          -7.843    
  -------------------------------------------------------------------
                         slack                                  6.690    




